{"C:\\Users\\Pablo\\Documents\\Portafolio\\js_utils\\src\\General.ts": {"path":"C:\\Users\\Pablo\\Documents\\Portafolio\\js_utils\\src\\General.ts","all":false,"statementMap":{"0":{"start":{"line":1,"column":0},"end":{"line":1,"column":38}},"1":{"start":{"line":2,"column":0},"end":{"line":2,"column":0}},"2":{"start":{"line":3,"column":0},"end":{"line":3,"column":63}},"3":{"start":{"line":4,"column":0},"end":{"line":4,"column":68}},"4":{"start":{"line":5,"column":0},"end":{"line":5,"column":1}},"5":{"start":{"line":6,"column":0},"end":{"line":6,"column":0}},"6":{"start":{"line":7,"column":0},"end":{"line":7,"column":35}},"7":{"start":{"line":8,"column":0},"end":{"line":8,"column":17}},"8":{"start":{"line":9,"column":0},"end":{"line":9,"column":30}},"9":{"start":{"line":10,"column":0},"end":{"line":10,"column":5}},"10":{"start":{"line":11,"column":0},"end":{"line":11,"column":24}},"11":{"start":{"line":12,"column":0},"end":{"line":12,"column":9}},"12":{"start":{"line":13,"column":0},"end":{"line":13,"column":20}},"13":{"start":{"line":14,"column":0},"end":{"line":14,"column":25}},"14":{"start":{"line":15,"column":0},"end":{"line":15,"column":4}},"15":{"start":{"line":16,"column":0},"end":{"line":16,"column":23}},"16":{"start":{"line":17,"column":0},"end":{"line":17,"column":40}},"17":{"start":{"line":18,"column":0},"end":{"line":18,"column":20}},"18":{"start":{"line":19,"column":0},"end":{"line":19,"column":26}},"19":{"start":{"line":20,"column":0},"end":{"line":20,"column":4}},"20":{"start":{"line":21,"column":0},"end":{"line":21,"column":17}},"21":{"start":{"line":22,"column":0},"end":{"line":22,"column":4}},"22":{"start":{"line":23,"column":0},"end":{"line":23,"column":23}},"23":{"start":{"line":24,"column":0},"end":{"line":24,"column":32}},"24":{"start":{"line":25,"column":0},"end":{"line":25,"column":38}},"25":{"start":{"line":26,"column":0},"end":{"line":26,"column":4}},"26":{"start":{"line":27,"column":0},"end":{"line":27,"column":4}},"27":{"start":{"line":28,"column":0},"end":{"line":28,"column":3}},"28":{"start":{"line":29,"column":0},"end":{"line":29,"column":1}},"29":{"start":{"line":30,"column":0},"end":{"line":30,"column":0}},"30":{"start":{"line":31,"column":0},"end":{"line":31,"column":41}},"31":{"start":{"line":32,"column":0},"end":{"line":32,"column":46}},"32":{"start":{"line":33,"column":0},"end":{"line":33,"column":1}},"33":{"start":{"line":34,"column":0},"end":{"line":34,"column":0}},"34":{"start":{"line":35,"column":0},"end":{"line":35,"column":40}},"35":{"start":{"line":36,"column":0},"end":{"line":36,"column":17}},"36":{"start":{"line":37,"column":0},"end":{"line":37,"column":16}},"37":{"start":{"line":38,"column":0},"end":{"line":38,"column":18}},"38":{"start":{"line":39,"column":0},"end":{"line":39,"column":9}},"39":{"start":{"line":40,"column":0},"end":{"line":40,"column":10}},"40":{"start":{"line":41,"column":0},"end":{"line":41,"column":20}},"41":{"start":{"line":42,"column":0},"end":{"line":42,"column":4}},"42":{"start":{"line":43,"column":0},"end":{"line":43,"column":11}},"43":{"start":{"line":44,"column":0},"end":{"line":44,"column":16}},"44":{"start":{"line":45,"column":0},"end":{"line":45,"column":4}},"45":{"start":{"line":46,"column":0},"end":{"line":46,"column":28}},"46":{"start":{"line":47,"column":0},"end":{"line":47,"column":19}},"47":{"start":{"line":48,"column":0},"end":{"line":48,"column":14}},"48":{"start":{"line":49,"column":0},"end":{"line":49,"column":4}},"49":{"start":{"line":50,"column":0},"end":{"line":50,"column":15}},"50":{"start":{"line":51,"column":0},"end":{"line":51,"column":13}},"51":{"start":{"line":52,"column":0},"end":{"line":52,"column":4}},"52":{"start":{"line":53,"column":0},"end":{"line":53,"column":3}},"53":{"start":{"line":54,"column":0},"end":{"line":54,"column":0}},"54":{"start":{"line":55,"column":0},"end":{"line":55,"column":35}},"55":{"start":{"line":56,"column":0},"end":{"line":56,"column":6}},"56":{"start":{"line":57,"column":0},"end":{"line":57,"column":25}},"57":{"start":{"line":58,"column":0},"end":{"line":58,"column":29}},"58":{"start":{"line":59,"column":0},"end":{"line":59,"column":27}},"59":{"start":{"line":60,"column":0},"end":{"line":60,"column":5}},"60":{"start":{"line":61,"column":0},"end":{"line":61,"column":19}},"61":{"start":{"line":62,"column":0},"end":{"line":62,"column":57}},"62":{"start":{"line":63,"column":0},"end":{"line":63,"column":30}},"63":{"start":{"line":64,"column":0},"end":{"line":64,"column":5}},"64":{"start":{"line":65,"column":0},"end":{"line":65,"column":3}},"65":{"start":{"line":66,"column":0},"end":{"line":66,"column":2}},"66":{"start":{"line":67,"column":0},"end":{"line":67,"column":1}},"67":{"start":{"line":68,"column":0},"end":{"line":68,"column":0}},"68":{"start":{"line":69,"column":0},"end":{"line":69,"column":39}},"69":{"start":{"line":70,"column":0},"end":{"line":70,"column":42}},"70":{"start":{"line":71,"column":0},"end":{"line":71,"column":1}},"71":{"start":{"line":72,"column":0},"end":{"line":72,"column":0}},"72":{"start":{"line":73,"column":0},"end":{"line":73,"column":55}},"73":{"start":{"line":74,"column":0},"end":{"line":74,"column":27}},"74":{"start":{"line":75,"column":0},"end":{"line":75,"column":17}},"75":{"start":{"line":76,"column":0},"end":{"line":76,"column":17}},"76":{"start":{"line":77,"column":0},"end":{"line":77,"column":74}},"77":{"start":{"line":78,"column":0},"end":{"line":78,"column":2}},"78":{"start":{"line":79,"column":0},"end":{"line":79,"column":27}},"79":{"start":{"line":80,"column":0},"end":{"line":80,"column":18}},"80":{"start":{"line":81,"column":0},"end":{"line":81,"column":68}},"81":{"start":{"line":82,"column":0},"end":{"line":82,"column":4}},"82":{"start":{"line":83,"column":0},"end":{"line":83,"column":2}},"83":{"start":{"line":84,"column":0},"end":{"line":84,"column":35}},"84":{"start":{"line":85,"column":0},"end":{"line":85,"column":46}},"85":{"start":{"line":86,"column":0},"end":{"line":86,"column":27}},"86":{"start":{"line":87,"column":0},"end":{"line":87,"column":44}},"87":{"start":{"line":88,"column":0},"end":{"line":88,"column":10}},"88":{"start":{"line":89,"column":0},"end":{"line":89,"column":18}},"89":{"start":{"line":90,"column":0},"end":{"line":90,"column":3}},"90":{"start":{"line":91,"column":0},"end":{"line":91,"column":2}},"91":{"start":{"line":92,"column":0},"end":{"line":92,"column":37}},"92":{"start":{"line":93,"column":0},"end":{"line":93,"column":1}},"93":{"start":{"line":94,"column":0},"end":{"line":94,"column":0}},"94":{"start":{"line":95,"column":0},"end":{"line":95,"column":26}},"95":{"start":{"line":96,"column":0},"end":{"line":96,"column":11}},"96":{"start":{"line":97,"column":0},"end":{"line":97,"column":40}},"97":{"start":{"line":98,"column":0},"end":{"line":98,"column":8}},"98":{"start":{"line":99,"column":0},"end":{"line":99,"column":44}},"99":{"start":{"line":100,"column":0},"end":{"line":100,"column":93}},"100":{"start":{"line":101,"column":0},"end":{"line":101,"column":11}},"101":{"start":{"line":102,"column":0},"end":{"line":102,"column":21}},"102":{"start":{"line":103,"column":0},"end":{"line":103,"column":3}},"103":{"start":{"line":104,"column":0},"end":{"line":104,"column":13}},"104":{"start":{"line":105,"column":0},"end":{"line":105,"column":8}},"105":{"start":{"line":106,"column":0},"end":{"line":106,"column":1}}},"s":{"0":1,"1":1,"2":1,"3":0,"4":0,"5":1,"6":1,"7":0,"8":0,"9":0,"10":0,"11":0,"12":0,"13":0,"14":0,"15":0,"16":0,"17":0,"18":0,"19":0,"20":0,"21":0,"22":0,"23":0,"24":0,"25":0,"26":0,"27":0,"28":0,"29":1,"30":1,"31":0,"32":0,"33":1,"34":1,"35":2,"36":2,"37":2,"38":2,"39":2,"40":11,"41":2,"42":2,"43":1,"44":2,"45":2,"46":1,"47":1,"48":2,"49":2,"50":4,"51":4,"52":2,"53":2,"54":2,"55":3,"56":3,"57":3,"58":3,"59":3,"60":0,"61":0,"62":0,"63":0,"64":0,"65":3,"66":2,"67":1,"68":1,"69":6,"70":6,"71":1,"72":1,"73":13,"74":13,"75":13,"76":1,"77":1,"78":13,"79":2,"80":2,"81":2,"82":2,"83":13,"84":30,"85":30,"86":6,"87":30,"88":24,"89":24,"90":30,"91":10,"92":10,"93":1,"94":1,"95":7,"96":7,"97":7,"98":7,"99":21,"100":21,"101":13,"102":13,"103":21,"104":7,"105":7},"branchMap":{"0":{"type":"branch","line":35,"loc":{"start":{"line":35,"column":7},"end":{"line":67,"column":1}},"locations":[{"start":{"line":35,"column":7},"end":{"line":67,"column":1}}]},"1":{"type":"branch","line":40,"loc":{"start":{"line":40,"column":2},"end":{"line":42,"column":3}},"locations":[{"start":{"line":40,"column":2},"end":{"line":42,"column":3}}]},"2":{"type":"branch","line":43,"loc":{"start":{"line":43,"column":2},"end":{"line":45,"column":3}},"locations":[{"start":{"line":43,"column":2},"end":{"line":45,"column":3}}]},"3":{"type":"branch","line":46,"loc":{"start":{"line":46,"column":2},"end":{"line":49,"column":3}},"locations":[{"start":{"line":46,"column":2},"end":{"line":49,"column":3}}]},"4":{"type":"branch","line":50,"loc":{"start":{"line":50,"column":2},"end":{"line":52,"column":4}},"locations":[{"start":{"line":50,"column":2},"end":{"line":52,"column":4}}]},"5":{"type":"branch","line":55,"loc":{"start":{"line":55,"column":1},"end":{"line":66,"column":2}},"locations":[{"start":{"line":55,"column":1},"end":{"line":66,"column":2}}]},"6":{"type":"branch","line":60,"loc":{"start":{"line":60,"column":4},"end":{"line":65,"column":3}},"locations":[{"start":{"line":60,"column":4},"end":{"line":65,"column":3}}]},"7":{"type":"branch","line":69,"loc":{"start":{"line":69,"column":7},"end":{"line":71,"column":1}},"locations":[{"start":{"line":69,"column":7},"end":{"line":71,"column":1}}]},"8":{"type":"branch","line":73,"loc":{"start":{"line":73,"column":7},"end":{"line":93,"column":1}},"locations":[{"start":{"line":73,"column":7},"end":{"line":93,"column":1}}]},"9":{"type":"branch","line":76,"loc":{"start":{"line":76,"column":16},"end":{"line":78,"column":2}},"locations":[{"start":{"line":76,"column":16},"end":{"line":78,"column":2}}]},"10":{"type":"branch","line":78,"loc":{"start":{"line":78,"column":1},"end":{"line":79,"column":26}},"locations":[{"start":{"line":78,"column":1},"end":{"line":79,"column":26}}]},"11":{"type":"branch","line":79,"loc":{"start":{"line":79,"column":26},"end":{"line":83,"column":2}},"locations":[{"start":{"line":79,"column":26},"end":{"line":83,"column":2}}]},"12":{"type":"branch","line":83,"loc":{"start":{"line":83,"column":1},"end":{"line":84,"column":34}},"locations":[{"start":{"line":83,"column":1},"end":{"line":84,"column":34}}]},"13":{"type":"branch","line":84,"loc":{"start":{"line":84,"column":34},"end":{"line":91,"column":2}},"locations":[{"start":{"line":84,"column":34},"end":{"line":91,"column":2}}]},"14":{"type":"branch","line":86,"loc":{"start":{"line":86,"column":26},"end":{"line":88,"column":3}},"locations":[{"start":{"line":86,"column":26},"end":{"line":88,"column":3}}]},"15":{"type":"branch","line":88,"loc":{"start":{"line":88,"column":3},"end":{"line":90,"column":3}},"locations":[{"start":{"line":88,"column":3},"end":{"line":90,"column":3}}]},"16":{"type":"branch","line":91,"loc":{"start":{"line":91,"column":1},"end":{"line":93,"column":1}},"locations":[{"start":{"line":91,"column":1},"end":{"line":93,"column":1}}]},"17":{"type":"branch","line":92,"loc":{"start":{"line":92,"column":18},"end":{"line":92,"column":35}},"locations":[{"start":{"line":92,"column":18},"end":{"line":92,"column":35}}]},"18":{"type":"branch","line":95,"loc":{"start":{"line":95,"column":7},"end":{"line":106,"column":1}},"locations":[{"start":{"line":95,"column":7},"end":{"line":106,"column":1}}]},"19":{"type":"branch","line":99,"loc":{"start":{"line":99,"column":25},"end":{"line":105,"column":2}},"locations":[{"start":{"line":99,"column":25},"end":{"line":105,"column":2}}]},"20":{"type":"branch","line":101,"loc":{"start":{"line":101,"column":10},"end":{"line":103,"column":3}},"locations":[{"start":{"line":101,"column":10},"end":{"line":103,"column":3}}]},"21":{"type":"branch","line":100,"loc":{"start":{"line":100,"column":22},"end":{"line":100,"column":54}},"locations":[{"start":{"line":100,"column":22},"end":{"line":100,"column":54}}]}},"b":{"0":[2],"1":[11],"2":[1],"3":[1],"4":[4],"5":[3],"6":[0],"7":[6],"8":[13],"9":[1],"10":[12],"11":[2],"12":[10],"13":[30],"14":[6],"15":[24],"16":[10],"17":[30],"18":[7],"19":[21],"20":[13],"21":[19]},"fnMap":{"0":{"name":"sleep","decl":{"start":{"line":3,"column":7},"end":{"line":5,"column":1}},"loc":{"start":{"line":3,"column":7},"end":{"line":5,"column":1}},"line":3},"1":{"name":"createEventHandler","decl":{"start":{"line":7,"column":7},"end":{"line":29,"column":1}},"loc":{"start":{"line":7,"column":7},"end":{"line":29,"column":1}},"line":7},"2":{"name":"unspecified","decl":{"start":{"line":31,"column":7},"end":{"line":33,"column":1}},"loc":{"start":{"line":31,"column":7},"end":{"line":33,"column":1}},"line":31},"3":{"name":"Gen","decl":{"start":{"line":35,"column":7},"end":{"line":67,"column":1}},"loc":{"start":{"line":35,"column":7},"end":{"line":67,"column":1}},"line":35},"4":{"name":"next","decl":{"start":{"line":40,"column":2},"end":{"line":42,"column":3}},"loc":{"start":{"line":40,"column":2},"end":{"line":42,"column":3}},"line":40},"5":{"name":"reset","decl":{"start":{"line":43,"column":2},"end":{"line":45,"column":3}},"loc":{"start":{"line":43,"column":2},"end":{"line":45,"column":3}},"line":43},"6":{"name":"set start","decl":{"start":{"line":46,"column":2},"end":{"line":49,"column":3}},"loc":{"start":{"line":46,"column":2},"end":{"line":49,"column":3}},"line":46},"7":{"name":"get start","decl":{"start":{"line":50,"column":2},"end":{"line":52,"column":4}},"loc":{"start":{"line":50,"column":2},"end":{"line":52,"column":4}},"line":50},"8":{"name":"validate","decl":{"start":{"line":55,"column":1},"end":{"line":66,"column":2}},"loc":{"start":{"line":55,"column":1},"end":{"line":66,"column":2}},"line":55},"9":{"name":"randElm","decl":{"start":{"line":69,"column":7},"end":{"line":71,"column":1}},"loc":{"start":{"line":69,"column":7},"end":{"line":71,"column":1}},"line":69},"10":{"name":"randElms","decl":{"start":{"line":73,"column":7},"end":{"line":93,"column":1}},"loc":{"start":{"line":73,"column":7},"end":{"line":93,"column":1}},"line":73},"11":{"name":"unique","decl":{"start":{"line":95,"column":7},"end":{"line":106,"column":1}},"loc":{"start":{"line":95,"column":7},"end":{"line":106,"column":1}},"line":95}},"f":{"0":0,"1":0,"2":0,"3":2,"4":11,"5":1,"6":1,"7":4,"8":3,"9":6,"10":13,"11":7}}
,"C:\\Users\\Pablo\\Documents\\Portafolio\\js_utils\\src\\numberOps.ts": {"path":"C:\\Users\\Pablo\\Documents\\Portafolio\\js_utils\\src\\numberOps.ts","all":false,"statementMap":{"0":{"start":{"line":1,"column":0},"end":{"line":1,"column":51}},"1":{"start":{"line":2,"column":0},"end":{"line":2,"column":58}},"2":{"start":{"line":3,"column":0},"end":{"line":3,"column":1}}},"s":{"0":1,"1":6,"2":6},"branchMap":{"0":{"type":"branch","line":1,"loc":{"start":{"line":1,"column":7},"end":{"line":3,"column":1}},"locations":[{"start":{"line":1,"column":7},"end":{"line":3,"column":1}}]}},"b":{"0":[6]},"fnMap":{"0":{"name":"randInt","decl":{"start":{"line":1,"column":7},"end":{"line":3,"column":1}},"loc":{"start":{"line":1,"column":7},"end":{"line":3,"column":1}},"line":1}},"f":{"0":6}}
,"C:\\Users\\Pablo\\Documents\\Portafolio\\js_utils\\src\\objectOps.ts": {"path":"C:\\Users\\Pablo\\Documents\\Portafolio\\js_utils\\src\\objectOps.ts","all":false,"statementMap":{"0":{"start":{"line":1,"column":0},"end":{"line":1,"column":58}},"1":{"start":{"line":2,"column":0},"end":{"line":2,"column":22}},"2":{"start":{"line":3,"column":0},"end":{"line":3,"column":68}},"3":{"start":{"line":4,"column":0},"end":{"line":4,"column":13}},"4":{"start":{"line":5,"column":0},"end":{"line":5,"column":1}},"5":{"start":{"line":6,"column":0},"end":{"line":6,"column":0}},"6":{"start":{"line":7,"column":0},"end":{"line":7,"column":44}},"7":{"start":{"line":8,"column":0},"end":{"line":8,"column":32}},"8":{"start":{"line":9,"column":0},"end":{"line":9,"column":2}},"9":{"start":{"line":10,"column":0},"end":{"line":10,"column":0}},"10":{"start":{"line":11,"column":0},"end":{"line":11,"column":66}},"11":{"start":{"line":12,"column":0},"end":{"line":12,"column":20}},"12":{"start":{"line":13,"column":0},"end":{"line":13,"column":54}},"13":{"start":{"line":14,"column":0},"end":{"line":14,"column":13}},"14":{"start":{"line":15,"column":0},"end":{"line":15,"column":1}},"15":{"start":{"line":16,"column":0},"end":{"line":16,"column":0}},"16":{"start":{"line":17,"column":0},"end":{"line":17,"column":47}},"17":{"start":{"line":18,"column":0},"end":{"line":18,"column":32}},"18":{"start":{"line":19,"column":0},"end":{"line":19,"column":17}},"19":{"start":{"line":20,"column":0},"end":{"line":20,"column":35}},"20":{"start":{"line":21,"column":0},"end":{"line":21,"column":2}},"21":{"start":{"line":22,"column":0},"end":{"line":22,"column":1}},"22":{"start":{"line":23,"column":0},"end":{"line":23,"column":0}},"23":{"start":{"line":24,"column":0},"end":{"line":24,"column":61}},"24":{"start":{"line":25,"column":0},"end":{"line":25,"column":19}},"25":{"start":{"line":26,"column":0},"end":{"line":26,"column":67}},"26":{"start":{"line":27,"column":0},"end":{"line":27,"column":2}},"27":{"start":{"line":28,"column":0},"end":{"line":28,"column":39}},"28":{"start":{"line":29,"column":0},"end":{"line":29,"column":24}},"29":{"start":{"line":30,"column":0},"end":{"line":30,"column":32}},"30":{"start":{"line":31,"column":0},"end":{"line":31,"column":21}},"31":{"start":{"line":32,"column":0},"end":{"line":32,"column":2}},"32":{"start":{"line":33,"column":0},"end":{"line":33,"column":12}},"33":{"start":{"line":34,"column":0},"end":{"line":34,"column":1}},"34":{"start":{"line":35,"column":0},"end":{"line":35,"column":0}},"35":{"start":{"line":36,"column":0},"end":{"line":36,"column":27}},"36":{"start":{"line":37,"column":0},"end":{"line":37,"column":10}},"37":{"start":{"line":38,"column":0},"end":{"line":38,"column":14}},"38":{"start":{"line":39,"column":0},"end":{"line":39,"column":14}},"39":{"start":{"line":40,"column":0},"end":{"line":40,"column":19}},"40":{"start":{"line":41,"column":0},"end":{"line":41,"column":59}},"41":{"start":{"line":42,"column":0},"end":{"line":42,"column":18}},"42":{"start":{"line":43,"column":0},"end":{"line":43,"column":47}},"43":{"start":{"line":44,"column":0},"end":{"line":44,"column":10}},"44":{"start":{"line":45,"column":0},"end":{"line":45,"column":35}},"45":{"start":{"line":46,"column":0},"end":{"line":46,"column":4}},"46":{"start":{"line":47,"column":0},"end":{"line":47,"column":2}},"47":{"start":{"line":48,"column":0},"end":{"line":48,"column":17}},"48":{"start":{"line":49,"column":0},"end":{"line":49,"column":18}},"49":{"start":{"line":50,"column":0},"end":{"line":50,"column":70}},"50":{"start":{"line":51,"column":0},"end":{"line":51,"column":4}},"51":{"start":{"line":52,"column":0},"end":{"line":52,"column":2}},"52":{"start":{"line":53,"column":0},"end":{"line":53,"column":32}},"53":{"start":{"line":54,"column":0},"end":{"line":54,"column":63}},"54":{"start":{"line":55,"column":0},"end":{"line":55,"column":2}},"55":{"start":{"line":56,"column":0},"end":{"line":56,"column":22}},"56":{"start":{"line":57,"column":0},"end":{"line":57,"column":28}},"57":{"start":{"line":58,"column":0},"end":{"line":58,"column":27}},"58":{"start":{"line":59,"column":0},"end":{"line":59,"column":16}},"59":{"start":{"line":60,"column":0},"end":{"line":60,"column":44}},"60":{"start":{"line":61,"column":0},"end":{"line":61,"column":9}},"61":{"start":{"line":62,"column":0},"end":{"line":62,"column":38}},"62":{"start":{"line":63,"column":0},"end":{"line":63,"column":2}},"63":{"start":{"line":64,"column":0},"end":{"line":64,"column":41}},"64":{"start":{"line":65,"column":0},"end":{"line":65,"column":1}},"65":{"start":{"line":66,"column":0},"end":{"line":66,"column":0}},"66":{"start":{"line":67,"column":0},"end":{"line":67,"column":37}},"67":{"start":{"line":68,"column":0},"end":{"line":68,"column":10}},"68":{"start":{"line":69,"column":0},"end":{"line":69,"column":14}},"69":{"start":{"line":70,"column":0},"end":{"line":70,"column":2}},"70":{"start":{"line":71,"column":0},"end":{"line":71,"column":36}},"71":{"start":{"line":72,"column":0},"end":{"line":72,"column":1}},"72":{"start":{"line":73,"column":0},"end":{"line":73,"column":0}},"73":{"start":{"line":74,"column":0},"end":{"line":74,"column":32}},"74":{"start":{"line":75,"column":0},"end":{"line":75,"column":22}},"75":{"start":{"line":76,"column":0},"end":{"line":76,"column":5}},"76":{"start":{"line":77,"column":0},"end":{"line":77,"column":25}},"77":{"start":{"line":78,"column":0},"end":{"line":78,"column":11}},"78":{"start":{"line":79,"column":0},"end":{"line":79,"column":4}},"79":{"start":{"line":80,"column":0},"end":{"line":80,"column":9}},"80":{"start":{"line":81,"column":0},"end":{"line":81,"column":0}},"81":{"start":{"line":82,"column":0},"end":{"line":82,"column":70}},"82":{"start":{"line":83,"column":0},"end":{"line":83,"column":26}},"83":{"start":{"line":84,"column":0},"end":{"line":84,"column":1}},"84":{"start":{"line":85,"column":0},"end":{"line":85,"column":0}},"85":{"start":{"line":86,"column":0},"end":{"line":86,"column":66}},"86":{"start":{"line":87,"column":0},"end":{"line":87,"column":40}},"87":{"start":{"line":88,"column":0},"end":{"line":88,"column":1}},"88":{"start":{"line":89,"column":0},"end":{"line":89,"column":0}},"89":{"start":{"line":90,"column":0},"end":{"line":90,"column":79}},"90":{"start":{"line":91,"column":0},"end":{"line":91,"column":24}},"91":{"start":{"line":92,"column":0},"end":{"line":92,"column":16}},"92":{"start":{"line":93,"column":0},"end":{"line":93,"column":0}},"93":{"start":{"line":94,"column":0},"end":{"line":94,"column":28}},"94":{"start":{"line":95,"column":0},"end":{"line":95,"column":49}},"95":{"start":{"line":96,"column":0},"end":{"line":96,"column":10}},"96":{"start":{"line":97,"column":0},"end":{"line":97,"column":3}},"97":{"start":{"line":98,"column":0},"end":{"line":98,"column":16}},"98":{"start":{"line":99,"column":0},"end":{"line":99,"column":16}},"99":{"start":{"line":100,"column":0},"end":{"line":100,"column":26}},"100":{"start":{"line":101,"column":0},"end":{"line":101,"column":75}},"101":{"start":{"line":102,"column":0},"end":{"line":102,"column":23}},"102":{"start":{"line":103,"column":0},"end":{"line":103,"column":4}},"103":{"start":{"line":104,"column":0},"end":{"line":104,"column":3}},"104":{"start":{"line":105,"column":0},"end":{"line":105,"column":2}},"105":{"start":{"line":106,"column":0},"end":{"line":106,"column":0}},"106":{"start":{"line":107,"column":0},"end":{"line":107,"column":18}},"107":{"start":{"line":108,"column":0},"end":{"line":108,"column":1}}},"s":{"0":1,"1":0,"2":0,"3":0,"4":0,"5":1,"6":1,"7":1,"8":1,"9":1,"10":1,"11":1,"12":1,"13":1,"14":1,"15":1,"16":1,"17":1,"18":4,"19":4,"20":4,"21":1,"22":1,"23":1,"24":22,"25":2,"26":2,"27":20,"28":20,"29":22,"30":1154,"31":1154,"32":8,"33":8,"34":1,"35":1,"36":22,"37":22,"38":22,"39":22,"40":22,"41":6,"42":6,"43":6,"44":6,"45":6,"46":6,"47":22,"48":1,"49":1,"50":1,"51":1,"52":22,"53":2,"54":2,"55":13,"56":13,"57":13,"58":22,"59":7,"60":22,"61":6,"62":6,"63":13,"64":13,"65":1,"66":1,"67":0,"68":0,"69":0,"70":0,"71":0,"72":1,"73":1,"74":1,"75":1,"76":1,"77":1,"78":1,"79":1,"80":1,"81":1,"82":13,"83":13,"84":1,"85":1,"86":4,"87":4,"88":1,"89":1,"90":7,"91":7,"92":7,"93":7,"94":21,"95":6,"96":6,"97":15,"98":15,"99":21,"100":33,"101":14,"102":14,"103":33,"104":14,"105":7,"106":7,"107":7},"branchMap":{"0":{"type":"branch","line":11,"loc":{"start":{"line":11,"column":7},"end":{"line":15,"column":1}},"locations":[{"start":{"line":11,"column":7},"end":{"line":15,"column":1}}]},"1":{"type":"branch","line":18,"loc":{"start":{"line":18,"column":1},"end":{"line":21,"column":2}},"locations":[{"start":{"line":18,"column":1},"end":{"line":21,"column":2}}]},"2":{"type":"branch","line":24,"loc":{"start":{"line":24,"column":7},"end":{"line":34,"column":1}},"locations":[{"start":{"line":24,"column":7},"end":{"line":34,"column":1}}]},"3":{"type":"branch","line":25,"loc":{"start":{"line":25,"column":18},"end":{"line":27,"column":2}},"locations":[{"start":{"line":25,"column":18},"end":{"line":27,"column":2}}]},"4":{"type":"branch","line":27,"loc":{"start":{"line":27,"column":1},"end":{"line":30,"column":31}},"locations":[{"start":{"line":27,"column":1},"end":{"line":30,"column":31}}]},"5":{"type":"branch","line":30,"loc":{"start":{"line":30,"column":31},"end":{"line":32,"column":2}},"locations":[{"start":{"line":30,"column":31},"end":{"line":32,"column":2}}]},"6":{"type":"branch","line":32,"loc":{"start":{"line":32,"column":1},"end":{"line":34,"column":1}},"locations":[{"start":{"line":32,"column":1},"end":{"line":34,"column":1}}]},"7":{"type":"branch","line":36,"loc":{"start":{"line":36,"column":7},"end":{"line":65,"column":1}},"locations":[{"start":{"line":36,"column":7},"end":{"line":65,"column":1}}]},"8":{"type":"branch","line":41,"loc":{"start":{"line":41,"column":28},"end":{"line":41,"column":56}},"locations":[{"start":{"line":41,"column":28},"end":{"line":41,"column":56}}]},"9":{"type":"branch","line":41,"loc":{"start":{"line":41,"column":58},"end":{"line":47,"column":2}},"locations":[{"start":{"line":41,"column":58},"end":{"line":47,"column":2}}]},"10":{"type":"branch","line":47,"loc":{"start":{"line":47,"column":1},"end":{"line":48,"column":16}},"locations":[{"start":{"line":47,"column":1},"end":{"line":48,"column":16}}]},"11":{"type":"branch","line":48,"loc":{"start":{"line":48,"column":16},"end":{"line":52,"column":2}},"locations":[{"start":{"line":48,"column":16},"end":{"line":52,"column":2}}]},"12":{"type":"branch","line":52,"loc":{"start":{"line":52,"column":1},"end":{"line":53,"column":20}},"locations":[{"start":{"line":52,"column":1},"end":{"line":53,"column":20}}]},"13":{"type":"branch","line":53,"loc":{"start":{"line":53,"column":16},"end":{"line":53,"column":29}},"locations":[{"start":{"line":53,"column":16},"end":{"line":53,"column":29}}]},"14":{"type":"branch","line":53,"loc":{"start":{"line":53,"column":31},"end":{"line":55,"column":2}},"locations":[{"start":{"line":53,"column":31},"end":{"line":55,"column":2}}]},"15":{"type":"branch","line":55,"loc":{"start":{"line":55,"column":1},"end":{"line":59,"column":15}},"locations":[{"start":{"line":55,"column":1},"end":{"line":59,"column":15}}]},"16":{"type":"branch","line":59,"loc":{"start":{"line":59,"column":15},"end":{"line":61,"column":2}},"locations":[{"start":{"line":59,"column":15},"end":{"line":61,"column":2}}]},"17":{"type":"branch","line":61,"loc":{"start":{"line":61,"column":2},"end":{"line":63,"column":2}},"locations":[{"start":{"line":61,"column":2},"end":{"line":63,"column":2}}]},"18":{"type":"branch","line":63,"loc":{"start":{"line":63,"column":1},"end":{"line":65,"column":1}},"locations":[{"start":{"line":63,"column":1},"end":{"line":65,"column":1}}]},"19":{"type":"branch","line":82,"loc":{"start":{"line":82,"column":7},"end":{"line":84,"column":1}},"locations":[{"start":{"line":82,"column":7},"end":{"line":84,"column":1}}]},"20":{"type":"branch","line":86,"loc":{"start":{"line":86,"column":7},"end":{"line":88,"column":1}},"locations":[{"start":{"line":86,"column":7},"end":{"line":88,"column":1}}]},"21":{"type":"branch","line":90,"loc":{"start":{"line":90,"column":7},"end":{"line":108,"column":1}},"locations":[{"start":{"line":90,"column":7},"end":{"line":108,"column":1}}]},"22":{"type":"branch","line":94,"loc":{"start":{"line":94,"column":1},"end":{"line":105,"column":2}},"locations":[{"start":{"line":94,"column":1},"end":{"line":105,"column":2}}]},"23":{"type":"branch","line":95,"loc":{"start":{"line":95,"column":48},"end":{"line":97,"column":3}},"locations":[{"start":{"line":95,"column":48},"end":{"line":97,"column":3}}]},"24":{"type":"branch","line":97,"loc":{"start":{"line":97,"column":2},"end":{"line":100,"column":25}},"locations":[{"start":{"line":97,"column":2},"end":{"line":100,"column":25}}]},"25":{"type":"branch","line":100,"loc":{"start":{"line":100,"column":25},"end":{"line":104,"column":3}},"locations":[{"start":{"line":100,"column":25},"end":{"line":104,"column":3}}]},"26":{"type":"branch","line":101,"loc":{"start":{"line":101,"column":74},"end":{"line":103,"column":4}},"locations":[{"start":{"line":101,"column":74},"end":{"line":103,"column":4}}]},"27":{"type":"branch","line":104,"loc":{"start":{"line":104,"column":2},"end":{"line":105,"column":2}},"locations":[{"start":{"line":104,"column":2},"end":{"line":105,"column":2}}]}},"b":{"0":[1],"1":[4],"2":[22],"3":[2],"4":[20],"5":[1154],"6":[8],"7":[22],"8":[19],"9":[6],"10":[16],"11":[1],"12":[15],"13":[3],"14":[2],"15":[13],"16":[7],"17":[6],"18":[13],"19":[13],"20":[4],"21":[7],"22":[21],"23":[6],"24":[15],"25":[33],"26":[14],"27":[14]},"fnMap":{"0":{"name":"shallowCopy","decl":{"start":{"line":1,"column":7},"end":{"line":5,"column":1}},"loc":{"start":{"line":1,"column":7},"end":{"line":5,"column":1}},"line":1},"1":{"name":"getKeys","decl":{"start":{"line":11,"column":7},"end":{"line":15,"column":1}},"loc":{"start":{"line":11,"column":7},"end":{"line":15,"column":1}},"line":11},"2":{"name":"InvalidParamsError","decl":{"start":{"line":18,"column":1},"end":{"line":21,"column":2}},"loc":{"start":{"line":18,"column":1},"end":{"line":21,"column":2}},"line":18},"3":{"name":"range","decl":{"start":{"line":24,"column":7},"end":{"line":34,"column":1}},"loc":{"start":{"line":24,"column":7},"end":{"line":34,"column":1}},"line":24},"4":{"name":"getPage","decl":{"start":{"line":36,"column":7},"end":{"line":65,"column":1}},"loc":{"start":{"line":36,"column":7},"end":{"line":65,"column":1}},"line":36},"5":{"name":"isEmpty","decl":{"start":{"line":67,"column":7},"end":{"line":72,"column":1}},"loc":{"start":{"line":67,"column":7},"end":{"line":72,"column":1}},"line":67},"6":{"name":"nameOf","decl":{"start":{"line":82,"column":7},"end":{"line":84,"column":1}},"loc":{"start":{"line":82,"column":7},"end":{"line":84,"column":1}},"line":82},"7":{"name":"typedKeys","decl":{"start":{"line":86,"column":7},"end":{"line":88,"column":1}},"loc":{"start":{"line":86,"column":7},"end":{"line":88,"column":1}},"line":86},"8":{"name":"forEachObj","decl":{"start":{"line":90,"column":7},"end":{"line":108,"column":1}},"loc":{"start":{"line":90,"column":7},"end":{"line":108,"column":1}},"line":90},"9":{"name":"deepReplace","decl":{"start":{"line":94,"column":1},"end":{"line":105,"column":2}},"loc":{"start":{"line":94,"column":1},"end":{"line":105,"column":2}},"line":94}},"f":{"0":0,"1":1,"2":4,"3":22,"4":22,"5":0,"6":13,"7":4,"8":7,"9":21}}
}
