TN:
SF:src\General.ts
FN:3,sleep
FN:7,createEventHandler
FN:31,unspecified
FN:35,Gen
FN:40,next
FN:43,reset
FN:46,set start
FN:50,get start
FN:55,validate
FN:69,randElm
FN:73,randElms
FN:95,unique
FNF:12
FNH:9
FNDA:0,sleep
FNDA:0,createEventHandler
FNDA:0,unspecified
FNDA:2,Gen
FNDA:11,next
FNDA:1,reset
FNDA:1,set start
FNDA:4,get start
FNDA:3,validate
FNDA:6,randElm
FNDA:13,randElms
FNDA:7,unique
DA:1,1
DA:2,1
DA:3,1
DA:4,0
DA:5,0
DA:6,1
DA:7,1
DA:8,0
DA:9,0
DA:10,0
DA:11,0
DA:12,0
DA:13,0
DA:14,0
DA:15,0
DA:16,0
DA:17,0
DA:18,0
DA:19,0
DA:20,0
DA:21,0
DA:22,0
DA:23,0
DA:24,0
DA:25,0
DA:26,0
DA:27,0
DA:28,0
DA:29,0
DA:30,1
DA:31,1
DA:32,0
DA:33,0
DA:34,1
DA:35,1
DA:36,2
DA:37,2
DA:38,2
DA:39,2
DA:40,2
DA:41,11
DA:42,2
DA:43,2
DA:44,1
DA:45,2
DA:46,2
DA:47,1
DA:48,1
DA:49,2
DA:50,2
DA:51,4
DA:52,4
DA:53,2
DA:54,2
DA:55,2
DA:56,3
DA:57,3
DA:58,3
DA:59,3
DA:60,3
DA:61,0
DA:62,0
DA:63,0
DA:64,0
DA:65,0
DA:66,3
DA:67,2
DA:68,1
DA:69,1
DA:70,6
DA:71,6
DA:72,1
DA:73,1
DA:74,13
DA:75,13
DA:76,13
DA:77,1
DA:78,1
DA:79,13
DA:80,2
DA:81,2
DA:82,2
DA:83,2
DA:84,13
DA:85,30
DA:86,30
DA:87,6
DA:88,30
DA:89,24
DA:90,24
DA:91,30
DA:92,10
DA:93,10
DA:94,1
DA:95,1
DA:96,7
DA:97,7
DA:98,7
DA:99,7
DA:100,21
DA:101,21
DA:102,13
DA:103,13
DA:104,21
DA:105,7
DA:106,7
LF:106
LH:75
BRDA:35,0,0,2
BRDA:40,1,0,11
BRDA:43,2,0,1
BRDA:46,3,0,1
BRDA:50,4,0,4
BRDA:55,5,0,3
BRDA:60,6,0,0
BRDA:69,7,0,6
BRDA:73,8,0,13
BRDA:76,9,0,1
BRDA:78,10,0,12
BRDA:79,11,0,2
BRDA:83,12,0,10
BRDA:84,13,0,30
BRDA:86,14,0,6
BRDA:88,15,0,24
BRDA:91,16,0,10
BRDA:92,17,0,30
BRDA:95,18,0,7
BRDA:99,19,0,21
BRDA:101,20,0,13
BRDA:100,21,0,19
BRF:22
BRH:21
end_of_record
TN:
SF:src\numberOps.ts
FN:1,randInt
FNF:1
FNH:1
FNDA:6,randInt
DA:1,1
DA:2,6
DA:3,6
LF:3
LH:3
BRDA:1,0,0,6
BRF:1
BRH:1
end_of_record
TN:
SF:src\objectOps.ts
FN:1,shallowCopy
FN:11,getKeys
FN:18,InvalidParamsError
FN:24,range
FN:36,getPage
FN:65,isEmpty
FN:80,nameOf
FN:84,typedKeys
FNF:8
FNH:6
FNDA:0,shallowCopy
FNDA:1,getKeys
FNDA:4,InvalidParamsError
FNDA:22,range
FNDA:22,getPage
FNDA:0,isEmpty
FNDA:13,nameOf
FNDA:4,typedKeys
DA:1,1
DA:2,0
DA:3,0
DA:4,0
DA:5,0
DA:6,1
DA:7,1
DA:8,1
DA:9,1
DA:10,1
DA:11,1
DA:12,1
DA:13,1
DA:14,1
DA:15,1
DA:16,1
DA:17,1
DA:18,1
DA:19,4
DA:20,4
DA:21,4
DA:22,1
DA:23,1
DA:24,1
DA:25,22
DA:26,2
DA:27,2
DA:28,20
DA:29,20
DA:30,22
DA:31,1154
DA:32,1154
DA:33,8
DA:34,8
DA:35,1
DA:36,1
DA:37,22
DA:38,22
DA:39,22
DA:40,22
DA:41,22
DA:42,6
DA:43,6
DA:44,6
DA:45,6
DA:46,22
DA:47,1
DA:48,1
DA:49,1
DA:50,1
DA:51,22
DA:52,2
DA:53,2
DA:54,13
DA:55,13
DA:56,13
DA:57,22
DA:58,7
DA:59,22
DA:60,6
DA:61,6
DA:62,13
DA:63,13
DA:64,1
DA:65,1
DA:66,0
DA:67,0
DA:68,0
DA:69,0
DA:70,0
DA:71,1
DA:72,1
DA:73,1
DA:74,1
DA:75,1
DA:76,1
DA:77,1
DA:78,1
DA:79,1
DA:80,1
DA:81,13
DA:82,13
DA:83,1
DA:84,1
DA:85,4
DA:86,4
LF:86
LH:77
BRDA:11,0,0,1
BRDA:18,1,0,4
BRDA:24,2,0,22
BRDA:25,3,0,2
BRDA:27,4,0,20
BRDA:30,5,0,1154
BRDA:32,6,0,8
BRDA:36,7,0,22
BRDA:41,8,0,19
BRDA:41,9,0,6
BRDA:45,10,0,16
BRDA:46,11,0,1
BRDA:50,12,0,15
BRDA:51,13,0,3
BRDA:51,14,0,2
BRDA:53,15,0,13
BRDA:57,16,0,7
BRDA:59,17,0,6
BRDA:61,18,0,13
BRDA:80,19,0,13
BRDA:84,20,0,4
BRF:21
BRH:21
end_of_record
